1699999279066:help
1699999283942:hello
1699999294039:goat
1699999424072:help
1699999432760:hello chibuike
1699999436546:hello
1700000401505:help
1700000625290:random
1700004490917:help
1700004496274:filename
1700076843920:help
1700076853421:apikeyvalue
1700076866211:apikeyvalues
1700076931869:help
1700076939392:apikeyvalues
1700078317324:help
1700078322756:filename
1700078743836:help
1700078748714:filename
1700078803270:help
1700078808157:filename
1700255385538:help
1700255393737:filename
1700255817337:help
1700255823496:filename
1700255959543:help
1700255966784:filename
1700256053386:help
1700256060815:filename
1700256453761:help
1700256465142:sendSMS
1700256698630:help
1700256703732:filename
1700256973273:help
1700256977984:sendSMS
1700257165026:help
1700257171973:sendSMS
1700257853717:help
1700257861998:sendSMS
1700258388750:smsSend
1700258392709:help
1700258399850:sendSMS
1700329543028:filename
1700329546911:sendSMS
1700329683073:help
1700329689972:filename
1700329701068:sendSMS
1700331634801:help
1700331642169:broadcast
1700332322707:help
1700332331092:broadcast
1704289852414:help
1704289874703:filename
1704289894131:apikeyvalue
1704289904869:apikeyvalues
1704289919868:random
1704289945045:sendSMS
1704289955856:broadcas
1704289962719:broadcast
1704290576510:help
1704290603414:filename
1704290868402:help
1704290916250:NumberList
1704290944432:sendSMS
1704291621885:help
1704291628028:NumberList
1704291764891:help
1704291770241:NumberList
1704291945944:help
1704291951778:NumberList
1704292009100:help
1704292014287:NumberList
1704292023662:broadcast
1704292504746:help
1704292514170:NumberList
1704292517887:CA
1704292595096:help
1704292601538:NumberList
1704292604650:CA
1704293524684:help
1704293533543:MessageList
1704294344022:help
1704294353750:NumberList
1704294396552:MessageListMessageList
1704294407692:MessageList
1704294427463:LinkList
1704294440401:CA
1704294511826:help
1704294521392:NumberList
1704294527731:MessageList
1704294533887:LinkList
1704294537285:CA
1704294697381:help
1704294704476:NumberList
1704294712206:MessageList
1704294718035:LinkList
1704294720874:CA
1704856721145:help
1704857496843:HELP
1704857500500:help
